FC/teacher_parent/build/outputs/logs/manifest-merger-debug-report.txt
-- Merging decision tree log ---
manifest
ADDED from src\main\AndroidManifest.xml:2:1-53:12
	xmlns:android
		ADDED from src\main\AndroidManifest.xml:2:11-69
	package
		ADDED from src\main\AndroidManifest.xml:3:5-42
		INJECTED from src\main\AndroidManifest.xml
		INJECTED from src\main\AndroidManifest.xml
	android:versionName
		ADDED from src\main\AndroidManifest.xml:5:5-30
		INJECTED from src\main\AndroidManifest.xml
		INJECTED from src\main\AndroidManifest.xml
	android:versionCode
		ADDED from src\main\AndroidManifest.xml:4:5-28
		INJECTED from src\main\AndroidManifest.xml
		INJECTED from src\main\AndroidManifest.xml
uses-sdk
ADDED from src\main\AndroidManifest.xml:7:5-9:38
MERGED from [com.android.support:appcompat-v7:22.0.0] AndroidManifest.xml:20:5-43
MERGED from [com.android.support:support-v4:22.0.0] AndroidManifest.xml:20:5-43
	android:targetSdkVersion
		INJECTED from src\main\AndroidManifest.xml
		INJECTED from src\main\AndroidManifest.xml
	android:minSdkVersion
		ADDED from src\main\AndroidManifest.xml:8:9-34
		INJECTED from src\main\AndroidManifest.xml
		INJECTED from src\main\AndroidManifest.xml
	android:maxSdkVersion
		ADDED from src\main\AndroidManifest.xml:9:9-35
uses-permission#android.permission.SEND_SMS
ADDED from src\main\AndroidManifest.xml:11:5-66
	android:name
		ADDED from src\main\AndroidManifest.xml:11:22-64
application
ADDED from src\main\AndroidManifest.xml:13:5-51:19
MERGED from [com.android.support:appcompat-v7:22.0.0] AndroidManifest.xml:22:5-20
MERGED from [com.android.support:support-v4:22.0.0] AndroidManifest.xml:22:5-20
	android:label
		ADDED from src\main\AndroidManifest.xml:16:9-41
	android:allowBackup
		ADDED from src\main\AndroidManifest.xml:14:9-35
	android:icon
		ADDED from src\main\AndroidManifest.xml:15:9-45
	android:theme
		ADDED from src\main\AndroidManifest.xml:17:9-40
activity#com.example.bango_000.fc.Main
ADDED from src\main\AndroidManifest.xml:18:9-26:20
	android:label
		ADDED from src\main\AndroidManifest.xml:20:13-45
	android:name
		ADDED from src\main\AndroidManifest.xml:19:13-57
intent-filter#android.intent.action.MAIN+android.intent.category.LAUNCHER
ADDED from src\main\AndroidManifest.xml:21:13-25:29
action#android.intent.action.MAIN
ADDED from src\main\AndroidManifest.xml:22:17-69
	android:name
		ADDED from src\main\AndroidManifest.xml:22:25-66
category#android.intent.category.LAUNCHER
ADDED from src\main\AndroidManifest.xml:24:17-77
	android:name
		ADDED from src\main\AndroidManifest.xml:24:27-74
activity#com.example.bango_000.fc.List_Item_View
ADDED from src\main\AndroidManifest.xml:28:9-30:20
	android:name
		ADDED from src\main\AndroidManifest.xml:29:13-67
activity#com.example.bango_000.fc.Admin
ADDED from src\main\AndroidManifest.xml:32:9-34:20
	android:name
		ADDED from src\main\AndroidManifest.xml:33:13-58
activity#com.example.bango_000.fc.Students_information
ADDED from src\main\AndroidManifest.xml:36:9-38:20
	android:name
		ADDED from src\main\AndroidManifest.xml:37:13-73
activity#com.example.bango_000.fc.CLass_ID_NAME
ADDED from src\main\AndroidManifest.xml:40:10-42:20
	android:name
		ADDED from src\main\AndroidManifest.xml:41:13-66
activity#com.example.bango_000.fc.Confirmation
ADDED from src\main\AndroidManifest.xml:44:9-46:20
	android:name
		ADDED from src\main\AndroidManifest.xml:45:13-65
activity#com.example.bango_000.fc.Send
ADDED from src\main\AndroidManifest.xml:47:9-49:20
	android:name
		ADDED from src\main\AndroidManifest.xml:48:13-57